0 info it worked if it ends with ok
1 verbose cli [ 'c:\\Program Files\\nodejs\\node.exe',
1 verbose cli   'c:\\Program Files\\nodejs\\node_modules\\npm\\bin\\npm-cli.js',
1 verbose cli   'install',
1 verbose cli   '-g',
1 verbose cli   'tsc' ]
2 info using npm@1.4.28
3 info using node@v0.10.35
4 verbose cache add [ 'tsc', null ]
5 verbose cache add name=undefined spec="tsc" args=["tsc",null]
6 verbose parsed url { protocol: null,
6 verbose parsed url   slashes: null,
6 verbose parsed url   auth: null,
6 verbose parsed url   host: null,
6 verbose parsed url   port: null,
6 verbose parsed url   hostname: null,
6 verbose parsed url   hash: null,
6 verbose parsed url   search: null,
6 verbose parsed url   query: null,
6 verbose parsed url   pathname: 'tsc',
6 verbose parsed url   path: 'tsc',
6 verbose parsed url   href: 'tsc' }
7 silly lockFile 50979f87-tsc tsc
8 verbose lock tsc C:\Users\Mike\AppData\Roaming\npm-cache\50979f87-tsc.lock
9 silly lockFile 50979f87-tsc tsc
10 silly lockFile 50979f87-tsc tsc
11 verbose addNamed [ 'tsc', '' ]
12 verbose addNamed [ null, '*' ]
13 silly lockFile 5456f48e-tsc tsc@
14 verbose lock tsc@ C:\Users\Mike\AppData\Roaming\npm-cache\5456f48e-tsc.lock
15 silly addNameRange { name: 'tsc', range: '*', hasData: false }
16 verbose request where is /tsc
17 verbose request registry https://registry.npmjs.org/
18 verbose request id c0d2c5df24e21c60
19 verbose url raw /tsc
20 verbose url resolving [ 'https://registry.npmjs.org/', './tsc' ]
21 verbose url resolved https://registry.npmjs.org/tsc
22 verbose request where is https://registry.npmjs.org/tsc
23 info trying registry request attempt 1 at 12:27:35
24 http GET https://registry.npmjs.org/tsc
25 http 404 https://registry.npmjs.org/tsc
26 verbose headers { date: 'Sat, 17 Jan 2015 19:27:31 GMT',
26 verbose headers   server: 'CouchDB/1.5.0 (Erlang OTP/R14B04)',
26 verbose headers   'content-type': 'application/json',
26 verbose headers   'cache-control': 'max-age=0',
26 verbose headers   'content-length': '52',
26 verbose headers   'accept-ranges': 'bytes',
26 verbose headers   via: '1.1 varnish',
26 verbose headers   age: '0',
26 verbose headers   'x-served-by': 'cache-dfw1827-DFW',
26 verbose headers   'x-cache': 'MISS',
26 verbose headers   'x-cache-hits': '0',
26 verbose headers   'x-timer': 'S1421522851.028279,VS0,VE189',
26 verbose headers   'keep-alive': 'timeout=10, max=50',
26 verbose headers   connection: 'Keep-Alive' }
27 silly registry.get cb [ 404,
27 silly registry.get   { date: 'Sat, 17 Jan 2015 19:27:31 GMT',
27 silly registry.get     server: 'CouchDB/1.5.0 (Erlang OTP/R14B04)',
27 silly registry.get     'content-type': 'application/json',
27 silly registry.get     'cache-control': 'max-age=0',
27 silly registry.get     'content-length': '52',
27 silly registry.get     'accept-ranges': 'bytes',
27 silly registry.get     via: '1.1 varnish',
27 silly registry.get     age: '0',
27 silly registry.get     'x-served-by': 'cache-dfw1827-DFW',
27 silly registry.get     'x-cache': 'MISS',
27 silly registry.get     'x-cache-hits': '0',
27 silly registry.get     'x-timer': 'S1421522851.028279,VS0,VE189',
27 silly registry.get     'keep-alive': 'timeout=10, max=50',
27 silly registry.get     connection: 'Keep-Alive' } ]
28 silly lockFile 5456f48e-tsc tsc@
29 silly lockFile 5456f48e-tsc tsc@
30 error 404 404 Not Found: tsc
30 error 404
30 error 404 'tsc' is not in the npm registry.
30 error 404 You should bug the author to publish it
30 error 404
30 error 404 Note that you can also install from a
30 error 404 tarball, folder, or http url, or git url.
31 error System Windows_NT 6.2.9200
32 error command "c:\\Program Files\\nodejs\\node.exe" "c:\\Program Files\\nodejs\\node_modules\\npm\\bin\\npm-cli.js" "install" "-g" "tsc"
33 error cwd C:\a\aurelia-kendo-spike
34 error node -v v0.10.35
35 error npm -v 1.4.28
36 error code E404
37 verbose exit [ 1, true ]
